# JRE version: Java(TM) SE Runtime Environment (22.0.2+9) (build 22.0.2+9-70)
# Java VM: Java HotSpot(TM) 64-Bit Server VM (22.0.2+9-70, mixed mode, sharing, tiered, compressed oops, compressed class ptrs, g1 gc, windows-amd64)
GC Precious Log:
 CardTable entry size: 512
 Card Set container configuration: InlinePtr #cards 4 size 8 Array Of Cards #cards 16 size 48 Howl #buckets 8 coarsen threshold 3686 Howl Bitmap #cards 512 size 80 coarsen threshold 460 Card regions per heap region 1 cards per card region 4096
 CPUs: 12 total, 12 available
 Memory: 16068M
 Large Page Support: Disabled
 NUMA Support: Disabled
 Compressed Oops: Enabled (Zero based)
 Heap Region Size: 2M
 Heap Min Capacity: 8M
 Heap Initial Capacity: 252M
 Heap Max Capacity: 4018M
 Pre-touch: Disabled
 Parallel Workers: 10
 Concurrent Workers: 3
 Concurrent Refinement Workers: 10
 Periodic GC: Disabled
Heap:
 garbage-first heap   total reserved 4114432K, committed 432128K, used 108412K [0x0000000704e00000, 0x0000000800000000)
  region size 2048K, 14 young (28672K), 6 survivors (12288K)
 Metaspace       used 39012K, committed 39680K, reserved 1114112K
  class space    used 4432K, committed 4736K, reserved 1048576K
GC Heap History (20 events):
Event: 13.481 GC heap before
{Heap before GC invocations=17 (full 0):
 garbage-first heap   total reserved 4114432K, committed 217088K, used 193789K [0x0000000704e00000, 0x0000000800000000)
  region size 2048K, 60 young (122880K), 4 survivors (8192K)
 Metaspace       used 30190K, committed 30784K, reserved 1114112K
  class space    used 3404K, committed 3648K, reserved 1048576K
}
Event: 13.502 GC heap after
{Heap after GC invocations=18 (full 0):
 garbage-first heap   total reserved 4114432K, committed 217088K, used 82276K [0x0000000704e00000, 0x0000000800000000)
  region size 2048K, 6 young (12288K), 6 survivors (12288K)
 Metaspace       used 30190K, committed 30784K, reserved 1114112K
  class space    used 3404K, committed 3648K, reserved 1048576K
}
Event: 15.925 GC heap before
{Heap before GC invocations=18 (full 0):
 garbage-first heap   total reserved 4114432K, committed 217088K, used 190820K [0x0000000704e00000, 0x0000000800000000)
  region size 2048K, 59 young (120832K), 6 survivors (12288K)
 Metaspace       used 35886K, committed 36480K, reserved 1114112K
  class space    used 4128K, committed 4416K, reserved 1048576K
}
Event: 15.956 GC heap after
{Heap after GC invocations=19 (full 0):
 garbage-first heap   total reserved 4114432K, committed 217088K, used 86682K [0x0000000704e00000, 0x0000000800000000)
  region size 2048K, 6 young (12288K), 6 survivors (12288K)
 Metaspace       used 35886K, committed 36480K, reserved 1114112K
  class space    used 4128K, committed 4416K, reserved 1048576K
}
Event: 16.733 GC heap before
{Heap before GC invocations=19 (full 0):
 garbage-first heap   total reserved 4114432K, committed 217088K, used 191130K [0x0000000704e00000, 0x0000000800000000)
  region size 2048K, 57 young (116736K), 6 survivors (12288K)
 Metaspace       used 35924K, committed 36480K, reserved 1114112K
  class space    used 4128K, committed 4416K, reserved 1048576K
}
Event: 16.762 GC heap after
{Heap after GC invocations=20 (full 0):
 garbage-first heap   total reserved 4114432K, committed 217088K, used 92519K [0x0000000704e00000, 0x0000000800000000)
  region size 2048K, 6 young (12288K), 6 survivors (12288K)
 Metaspace       used 35924K, committed 36480K, reserved 1114112K
  class space    used 4128K, committed 4416K, reserved 1048576K
}
Event: 17.208 GC heap before
{Heap before GC invocations=20 (full 0):
 garbage-first heap   total reserved 4114432K, committed 217088K, used 190823K [0x0000000704e00000, 0x0000000800000000)
  region size 2048K, 54 young (110592K), 6 survivors (12288K)
 Metaspace       used 35936K, committed 36480K, reserved 1114112K
  class space    used 4128K, committed 4416K, reserved 1048576K
}
Event: 17.241 GC heap after
{Heap after GC invocations=21 (full 0):
 garbage-first heap   total reserved 4114432K, committed 217088K, used 91980K [0x0000000704e00000, 0x0000000800000000)
  region size 2048K, 4 young (8192K), 4 survivors (8192K)
 Metaspace       used 35936K, committed 36480K, reserved 1114112K
  class space    used 4128K, committed 4416K, reserved 1048576K
}
Event: 17.575 GC heap before
{Heap before GC invocations=22 (full 0):
 garbage-first heap   total reserved 4114432K, committed 217088K, used 194380K [0x0000000704e00000, 0x0000000800000000)
  region size 2048K, 54 young (110592K), 4 survivors (8192K)
 Metaspace       used 35958K, committed 36544K, reserved 1114112K
  class space    used 4128K, committed 4416K, reserved 1048576K
}
Event: 17.584 GC heap after
{Heap after GC invocations=23 (full 0):
 garbage-first heap   total reserved 4114432K, committed 217088K, used 91834K [0x0000000704e00000, 0x0000000800000000)
  region size 2048K, 4 young (8192K), 4 survivors (8192K)
 Metaspace       used 35958K, committed 36544K, reserved 1114112K
  class space    used 4128K, committed 4416K, reserved 1048576K
}
Event: 17.843 GC heap before
{Heap before GC invocations=23 (full 0):
 garbage-first heap   total reserved 4114432K, committed 217088K, used 194234K [0x0000000704e00000, 0x0000000800000000)
  region size 2048K, 54 young (110592K), 4 survivors (8192K)
 Metaspace       used 35968K, committed 36544K, reserved 1114112K
  class space    used 4128K, committed 4416K, reserved 1048576K
}
Event: 17.850 GC heap after
{Heap after GC invocations=24 (full 0):
 garbage-first heap   total reserved 4114432K, committed 290816K, used 85809K [0x0000000704e00000, 0x0000000800000000)
  region size 2048K, 2 young (4096K), 2 survivors (4096K)
 Metaspace       used 35968K, committed 36544K, reserved 1114112K
  class space    used 4128K, committed 4416K, reserved 1048576K
}
Event: 18.222 GC heap before
{Heap before GC invocations=24 (full 0):
 garbage-first heap   total reserved 4114432K, committed 290816K, used 255793K [0x0000000704e00000, 0x0000000800000000)
  region size 2048K, 85 young (174080K), 2 survivors (4096K)
 Metaspace       used 35990K, committed 36544K, reserved 1114112K
  class space    used 4128K, committed 4416K, reserved 1048576K
}
Event: 18.247 GC heap after
{Heap after GC invocations=25 (full 0):
 garbage-first heap   total reserved 4114432K, committed 290816K, used 89620K [0x0000000704e00000, 0x0000000800000000)
  region size 2048K, 4 young (8192K), 4 survivors (8192K)
 Metaspace       used 35990K, committed 36544K, reserved 1114112K
  class space    used 4128K, committed 4416K, reserved 1048576K
}
Event: 18.568 GC heap before
{Heap before GC invocations=25 (full 0):
 garbage-first heap   total reserved 4114432K, committed 290816K, used 255508K [0x0000000704e00000, 0x0000000800000000)
  region size 2048K, 85 young (174080K), 4 survivors (8192K)
 Metaspace       used 35998K, committed 36544K, reserved 1114112K
  class space    used 4128K, committed 4416K, reserved 1048576K
}
Event: 18.588 GC heap after
{Heap after GC invocations=26 (full 0):
 garbage-first heap   total reserved 4114432K, committed 290816K, used 90402K [0x0000000704e00000, 0x0000000800000000)
  region size 2048K, 4 young (8192K), 4 survivors (8192K)
 Metaspace       used 35998K, committed 36544K, reserved 1114112K
  class space    used 4128K, committed 4416K, reserved 1048576K
}
Event: 18.884 GC heap before
{Heap before GC invocations=26 (full 0):
 garbage-first heap   total reserved 4114432K, committed 290816K, used 256290K [0x0000000704e00000, 0x0000000800000000)
  region size 2048K, 85 young (174080K), 4 survivors (8192K)
 Metaspace       used 36006K, committed 36608K, reserved 1114112K
  class space    used 4128K, committed 4416K, reserved 1048576K
}
Event: 18.898 GC heap after
{Heap after GC invocations=27 (full 0):
 garbage-first heap   total reserved 4114432K, committed 290816K, used 89612K [0x0000000704e00000, 0x0000000800000000)
  region size 2048K, 4 young (8192K), 4 survivors (8192K)
 Metaspace       used 36006K, committed 36608K, reserved 1114112K
  class space    used 4128K, committed 4416K, reserved 1048576K
}
Event: 22.628 GC heap before
{Heap before GC invocations=27 (full 0):
 garbage-first heap   total reserved 4114432K, committed 290816K, used 255500K [0x0000000704e00000, 0x0000000800000000)
  region size 2048K, 85 young (174080K), 4 survivors (8192K)
 Metaspace       used 38975K, committed 39680K, reserved 1114112K
  class space    used 4431K, committed 4736K, reserved 1048576K
}
Event: 22.650 GC heap after
{Heap after GC invocations=28 (full 0):
 garbage-first heap   total reserved 4114432K, committed 432128K, used 94076K [0x0000000704e00000, 0x0000000800000000)
  region size 2048K, 6 young (12288K), 6 survivors (12288K)
 Metaspace       used 38975K, committed 39680K, reserved 1114112K
  class space    used 4431K, committed 4736K, reserved 1048576K
}

