# JRE version: Java(TM) SE Runtime Environment (22.0.2+9) (build 22.0.2+9-70)
# Java VM: Java HotSpot(TM) 64-Bit Server VM (22.0.2+9-70, mixed mode, sharing, tiered, compressed oops, compressed class ptrs, g1 gc, windows-amd64)
GC Precious Log:
 CardTable entry size: 512
 Card Set container configuration: InlinePtr #cards 4 size 8 Array Of Cards #cards 16 size 48 Howl #buckets 8 coarsen threshold 3686 Howl Bitmap #cards 512 size 80 coarsen threshold 460 Card regions per heap region 1 cards per card region 4096
 CPUs: 12 total, 12 available
 Memory: 16068M
 Large Page Support: Disabled
 NUMA Support: Disabled
 Compressed Oops: Enabled (Zero based)
 Heap Region Size: 2M
 Heap Min Capacity: 8M
 Heap Initial Capacity: 252M
 Heap Max Capacity: 4018M
 Pre-touch: Disabled
 Parallel Workers: 10
 Concurrent Workers: 3
 Concurrent Refinement Workers: 10
 Periodic GC: Disabled
Heap:
 garbage-first heap   total reserved 4114432K, committed 438272K, used 171241K [0x0000000704e00000, 0x0000000800000000)
  region size 2048K, 36 young (73728K), 14 survivors (28672K)
 Metaspace       used 39617K, committed 40320K, reserved 1114112K
  class space    used 4375K, committed 4672K, reserved 1048576K
GC Heap History (20 events):
Event: 15.864 GC heap before
{Heap before GC invocations=14 (full 0):
 garbage-first heap   total reserved 4114432K, committed 223232K, used 195403K [0x0000000704e00000, 0x0000000800000000)
  region size 2048K, 60 young (122880K), 7 survivors (14336K)
 Metaspace       used 27943K, committed 28480K, reserved 1114112K
  class space    used 3048K, committed 3328K, reserved 1048576K
}
Event: 15.876 GC heap after
{Heap after GC invocations=15 (full 0):
 garbage-first heap   total reserved 4114432K, committed 223232K, used 88924K [0x0000000704e00000, 0x0000000800000000)
  region size 2048K, 6 young (12288K), 6 survivors (12288K)
 Metaspace       used 27943K, committed 28480K, reserved 1114112K
  class space    used 3048K, committed 3328K, reserved 1048576K
}
Event: 17.838 GC heap before
{Heap before GC invocations=15 (full 0):
 garbage-first heap   total reserved 4114432K, committed 223232K, used 195420K [0x0000000704e00000, 0x0000000800000000)
  region size 2048K, 58 young (118784K), 6 survivors (12288K)
 Metaspace       used 33553K, committed 34112K, reserved 1114112K
  class space    used 3780K, committed 4032K, reserved 1048576K
}
Event: 17.872 GC heap after
{Heap after GC invocations=16 (full 0):
 garbage-first heap   total reserved 4114432K, committed 223232K, used 96165K [0x0000000704e00000, 0x0000000800000000)
  region size 2048K, 8 young (16384K), 8 survivors (16384K)
 Metaspace       used 33553K, committed 34112K, reserved 1114112K
  class space    used 3780K, committed 4032K, reserved 1048576K
}
Event: 18.903 GC heap before
{Heap before GC invocations=16 (full 0):
 garbage-first heap   total reserved 4114432K, committed 223232K, used 192421K [0x0000000704e00000, 0x0000000800000000)
  region size 2048K, 55 young (112640K), 8 survivors (16384K)
 Metaspace       used 33572K, committed 34112K, reserved 1114112K
  class space    used 3780K, committed 4032K, reserved 1048576K
}
Event: 18.935 GC heap after
{Heap after GC invocations=17 (full 0):
 garbage-first heap   total reserved 4114432K, committed 286720K, used 99801K [0x0000000704e00000, 0x0000000800000000)
  region size 2048K, 3 young (6144K), 3 survivors (6144K)
 Metaspace       used 33572K, committed 34112K, reserved 1114112K
  class space    used 3780K, committed 4032K, reserved 1048576K
}
Event: 19.290 GC heap before
{Heap before GC invocations=17 (full 0):
 garbage-first heap   total reserved 4114432K, committed 286720K, used 255449K [0x0000000704e00000, 0x0000000800000000)
  region size 2048K, 79 young (161792K), 3 survivors (6144K)
 Metaspace       used 33599K, committed 34176K, reserved 1114112K
  class space    used 3780K, committed 4032K, reserved 1048576K
}
Event: 19.301 GC heap after
{Heap after GC invocations=18 (full 0):
 garbage-first heap   total reserved 4114432K, committed 286720K, used 104740K [0x0000000704e00000, 0x0000000800000000)
  region size 2048K, 5 young (10240K), 5 survivors (10240K)
 Metaspace       used 33599K, committed 34176K, reserved 1114112K
  class space    used 3780K, committed 4032K, reserved 1048576K
}
Event: 19.542 GC heap before
{Heap before GC invocations=18 (full 0):
 garbage-first heap   total reserved 4114432K, committed 286720K, used 258340K [0x0000000704e00000, 0x0000000800000000)
  region size 2048K, 80 young (163840K), 5 survivors (10240K)
 Metaspace       used 33625K, committed 34176K, reserved 1114112K
  class space    used 3780K, committed 4032K, reserved 1048576K
}
Event: 19.551 GC heap after
{Heap after GC invocations=19 (full 0):
 garbage-first heap   total reserved 4114432K, committed 286720K, used 101910K [0x0000000704e00000, 0x0000000800000000)
  region size 2048K, 4 young (8192K), 4 survivors (8192K)
 Metaspace       used 33625K, committed 34176K, reserved 1114112K
  class space    used 3780K, committed 4032K, reserved 1048576K
}
Event: 19.715 GC heap before
{Heap before GC invocations=19 (full 0):
 garbage-first heap   total reserved 4114432K, committed 286720K, used 261654K [0x0000000704e00000, 0x0000000800000000)
  region size 2048K, 82 young (167936K), 4 survivors (8192K)
 Metaspace       used 33646K, committed 34240K, reserved 1114112K
  class space    used 3780K, committed 4032K, reserved 1048576K
}
Event: 19.734 GC heap after
{Heap after GC invocations=20 (full 0):
 garbage-first heap   total reserved 4114432K, committed 286720K, used 104467K [0x0000000704e00000, 0x0000000800000000)
  region size 2048K, 5 young (10240K), 5 survivors (10240K)
 Metaspace       used 33646K, committed 34240K, reserved 1114112K
  class space    used 3780K, committed 4032K, reserved 1048576K
}
Event: 19.912 GC heap before
{Heap before GC invocations=20 (full 0):
 garbage-first heap   total reserved 4114432K, committed 286720K, used 260115K [0x0000000704e00000, 0x0000000800000000)
  region size 2048K, 81 young (165888K), 5 survivors (10240K)
 Metaspace       used 33655K, committed 34240K, reserved 1114112K
  class space    used 3780K, committed 4032K, reserved 1048576K
}
Event: 19.929 GC heap after
{Heap after GC invocations=21 (full 0):
 garbage-first heap   total reserved 4114432K, committed 438272K, used 105721K [0x0000000704e00000, 0x0000000800000000)
  region size 2048K, 6 young (12288K), 6 survivors (12288K)
 Metaspace       used 33655K, committed 34240K, reserved 1114112K
  class space    used 3780K, committed 4032K, reserved 1048576K
}
Event: 21.780 GC heap before
{Heap before GC invocations=21 (full 0):
 garbage-first heap   total reserved 4114432K, committed 438272K, used 355577K [0x0000000704e00000, 0x0000000800000000)
  region size 2048K, 128 young (262144K), 6 survivors (12288K)
 Metaspace       used 36184K, committed 36800K, reserved 1114112K
  class space    used 4073K, committed 4352K, reserved 1048576K
}
Event: 21.789 GC heap after
{Heap after GC invocations=22 (full 0):
 garbage-first heap   total reserved 4114432K, committed 438272K, used 106426K [0x0000000704e00000, 0x0000000800000000)
  region size 2048K, 6 young (12288K), 6 survivors (12288K)
 Metaspace       used 36184K, committed 36800K, reserved 1114112K
  class space    used 4073K, committed 4352K, reserved 1048576K
}
Event: 25.987 GC heap before
{Heap before GC invocations=22 (full 0):
 garbage-first heap   total reserved 4114432K, committed 438272K, used 356282K [0x0000000704e00000, 0x0000000800000000)
  region size 2048K, 128 young (262144K), 6 survivors (12288K)
 Metaspace       used 36985K, committed 37632K, reserved 1114112K
  class space    used 4099K, committed 4416K, reserved 1048576K
}
Event: 26.007 GC heap after
{Heap after GC invocations=23 (full 0):
 garbage-first heap   total reserved 4114432K, committed 438272K, used 114121K [0x0000000704e00000, 0x0000000800000000)
  region size 2048K, 10 young (20480K), 10 survivors (20480K)
 Metaspace       used 36985K, committed 37632K, reserved 1114112K
  class space    used 4099K, committed 4416K, reserved 1048576K
}
Event: 29.069 GC heap before
{Heap before GC invocations=23 (full 0):
 garbage-first heap   total reserved 4114432K, committed 438272K, used 357833K [0x0000000704e00000, 0x0000000800000000)
  region size 2048K, 128 young (262144K), 10 survivors (20480K)
 Metaspace       used 38626K, committed 39296K, reserved 1114112K
  class space    used 4281K, committed 4608K, reserved 1048576K
}
Event: 29.095 GC heap after
{Heap after GC invocations=24 (full 0):
 garbage-first heap   total reserved 4114432K, committed 438272K, used 128233K [0x0000000704e00000, 0x0000000800000000)
  region size 2048K, 14 young (28672K), 14 survivors (28672K)
 Metaspace       used 38626K, committed 39296K, reserved 1114112K
  class space    used 4281K, committed 4608K, reserved 1048576K
}

