# JRE version: Java(TM) SE Runtime Environment (22.0.2+9) (build 22.0.2+9-70)
# Java VM: Java HotSpot(TM) 64-Bit Server VM (22.0.2+9-70, mixed mode, sharing, tiered, compressed oops, compressed class ptrs, g1 gc, windows-amd64)
GC Precious Log:
 CardTable entry size: 512
 Card Set container configuration: InlinePtr #cards 4 size 8 Array Of Cards #cards 16 size 48 Howl #buckets 8 coarsen threshold 3686 Howl Bitmap #cards 512 size 80 coarsen threshold 460 Card regions per heap region 1 cards per card region 4096
 CPUs: 12 total, 12 available
 Memory: 16068M
 Large Page Support: Disabled
 NUMA Support: Disabled
 Compressed Oops: Enabled (Zero based)
 Heap Region Size: 2M
 Heap Min Capacity: 8M
 Heap Initial Capacity: 252M
 Heap Max Capacity: 4018M
 Pre-touch: Disabled
 Parallel Workers: 10
 Concurrent Workers: 3
 Concurrent Refinement Workers: 10
 Periodic GC: Disabled
Heap:
 garbage-first heap   total reserved 4114432K, committed 366592K, used 274473K [0x0000000704e00000, 0x0000000800000000)
  region size 2048K, 93 young (190464K), 9 survivors (18432K)
 Metaspace       used 40873K, committed 41536K, reserved 1114112K
  class space    used 4625K, committed 4928K, reserved 1048576K
GC Heap History (20 events):
Event: 12.674 GC heap before
{Heap before GC invocations=15 (full 0):
 garbage-first heap   total reserved 4114432K, committed 184320K, used 163689K [0x0000000704e00000, 0x0000000800000000)
  region size 2048K, 46 young (94208K), 5 survivors (10240K)
 Metaspace       used 30143K, committed 30720K, reserved 1114112K
  class space    used 3399K, committed 3648K, reserved 1048576K
}
Event: 12.699 GC heap after
{Heap after GC invocations=16 (full 0):
 garbage-first heap   total reserved 4114432K, committed 231424K, used 83641K [0x0000000704e00000, 0x0000000800000000)
  region size 2048K, 5 young (10240K), 5 survivors (10240K)
 Metaspace       used 30143K, committed 30720K, reserved 1114112K
  class space    used 3399K, committed 3648K, reserved 1048576K
}
Event: 14.564 GC heap before
{Heap before GC invocations=16 (full 0):
 garbage-first heap   total reserved 4114432K, committed 231424K, used 206521K [0x0000000704e00000, 0x0000000800000000)
  region size 2048K, 65 young (133120K), 5 survivors (10240K)
 Metaspace       used 35648K, committed 36160K, reserved 1114112K
  class space    used 4099K, committed 4352K, reserved 1048576K
}
Event: 14.579 GC heap after
{Heap after GC invocations=17 (full 0):
 garbage-first heap   total reserved 4114432K, committed 231424K, used 88065K [0x0000000704e00000, 0x0000000800000000)
  region size 2048K, 8 young (16384K), 8 survivors (16384K)
 Metaspace       used 35648K, committed 36160K, reserved 1114112K
  class space    used 4099K, committed 4352K, reserved 1048576K
}
Event: 14.930 GC heap before
{Heap before GC invocations=17 (full 0):
 garbage-first heap   total reserved 4114432K, committed 231424K, used 198657K [0x0000000704e00000, 0x0000000800000000)
  region size 2048K, 62 young (126976K), 8 survivors (16384K)
 Metaspace       used 35874K, committed 36480K, reserved 1114112K
  class space    used 4124K, committed 4416K, reserved 1048576K
}
Event: 14.948 GC heap after
{Heap after GC invocations=18 (full 0):
 garbage-first heap   total reserved 4114432K, committed 231424K, used 94276K [0x0000000704e00000, 0x0000000800000000)
  region size 2048K, 8 young (16384K), 8 survivors (16384K)
 Metaspace       used 35874K, committed 36480K, reserved 1114112K
  class space    used 4124K, committed 4416K, reserved 1048576K
}
Event: 15.138 GC heap before
{Heap before GC invocations=18 (full 0):
 garbage-first heap   total reserved 4114432K, committed 231424K, used 198724K [0x0000000704e00000, 0x0000000800000000)
  region size 2048K, 59 young (120832K), 8 survivors (16384K)
 Metaspace       used 35887K, committed 36480K, reserved 1114112K
  class space    used 4124K, committed 4416K, reserved 1048576K
}
Event: 15.152 GC heap after
{Heap after GC invocations=19 (full 0):
 garbage-first heap   total reserved 4114432K, committed 231424K, used 93840K [0x0000000704e00000, 0x0000000800000000)
  region size 2048K, 4 young (8192K), 4 survivors (8192K)
 Metaspace       used 35887K, committed 36480K, reserved 1114112K
  class space    used 4124K, committed 4416K, reserved 1048576K
}
Event: 15.480 GC heap before
{Heap before GC invocations=19 (full 0):
 garbage-first heap   total reserved 4114432K, committed 231424K, used 206480K [0x0000000704e00000, 0x0000000800000000)
  region size 2048K, 59 young (120832K), 4 survivors (8192K)
 Metaspace       used 35911K, committed 36480K, reserved 1114112K
  class space    used 4124K, committed 4416K, reserved 1048576K
}
Event: 15.495 GC heap after
{Heap after GC invocations=20 (full 0):
 garbage-first heap   total reserved 4114432K, committed 231424K, used 93417K [0x0000000704e00000, 0x0000000800000000)
  region size 2048K, 4 young (8192K), 4 survivors (8192K)
 Metaspace       used 35911K, committed 36480K, reserved 1114112K
  class space    used 4124K, committed 4416K, reserved 1048576K
}
Event: 16.012 GC heap before
{Heap before GC invocations=20 (full 0):
 garbage-first heap   total reserved 4114432K, committed 231424K, used 206057K [0x0000000704e00000, 0x0000000800000000)
  region size 2048K, 59 young (120832K), 4 survivors (8192K)
 Metaspace       used 35923K, committed 36480K, reserved 1114112K
  class space    used 4124K, committed 4416K, reserved 1048576K
}
Event: 16.037 GC heap after
{Heap after GC invocations=21 (full 0):
 garbage-first heap   total reserved 4114432K, committed 366592K, used 92315K [0x0000000704e00000, 0x0000000800000000)
  region size 2048K, 3 young (6144K), 3 survivors (6144K)
 Metaspace       used 35923K, committed 36480K, reserved 1114112K
  class space    used 4124K, committed 4416K, reserved 1048576K
}
Event: 16.877 GC heap before
{Heap before GC invocations=21 (full 0):
 garbage-first heap   total reserved 4114432K, committed 366592K, used 305307K [0x0000000704e00000, 0x0000000800000000)
  region size 2048K, 107 young (219136K), 3 survivors (6144K)
 Metaspace       used 35949K, committed 36544K, reserved 1114112K
  class space    used 4124K, committed 4416K, reserved 1048576K
}
Event: 16.884 GC heap after
{Heap after GC invocations=22 (full 0):
 garbage-first heap   total reserved 4114432K, committed 366592K, used 94035K [0x0000000704e00000, 0x0000000800000000)
  region size 2048K, 4 young (8192K), 4 survivors (8192K)
 Metaspace       used 35949K, committed 36544K, reserved 1114112K
  class space    used 4124K, committed 4416K, reserved 1048576K
}
Event: 17.223 GC heap before
{Heap before GC invocations=22 (full 0):
 garbage-first heap   total reserved 4114432K, committed 366592K, used 304979K [0x0000000704e00000, 0x0000000800000000)
  region size 2048K, 107 young (219136K), 4 survivors (8192K)
 Metaspace       used 35957K, committed 36544K, reserved 1114112K
  class space    used 4124K, committed 4416K, reserved 1048576K
}
Event: 17.250 GC heap after
{Heap after GC invocations=23 (full 0):
 garbage-first heap   total reserved 4114432K, committed 366592K, used 94742K [0x0000000704e00000, 0x0000000800000000)
  region size 2048K, 4 young (8192K), 4 survivors (8192K)
 Metaspace       used 35957K, committed 36544K, reserved 1114112K
  class space    used 4124K, committed 4416K, reserved 1048576K
}
Event: 21.691 GC heap before
{Heap before GC invocations=23 (full 0):
 garbage-first heap   total reserved 4114432K, committed 366592K, used 305686K [0x0000000704e00000, 0x0000000800000000)
  region size 2048K, 107 young (219136K), 4 survivors (8192K)
 Metaspace       used 38903K, committed 39552K, reserved 1114112K
  class space    used 4419K, committed 4736K, reserved 1048576K
}
Event: 21.701 GC heap after
{Heap after GC invocations=24 (full 0):
 garbage-first heap   total reserved 4114432K, committed 366592K, used 98458K [0x0000000704e00000, 0x0000000800000000)
  region size 2048K, 6 young (12288K), 6 survivors (12288K)
 Metaspace       used 38903K, committed 39552K, reserved 1114112K
  class space    used 4419K, committed 4736K, reserved 1048576K
}
Event: 24.300 GC heap before
{Heap before GC invocations=24 (full 0):
 garbage-first heap   total reserved 4114432K, committed 366592K, used 305306K [0x0000000704e00000, 0x0000000800000000)
  region size 2048K, 107 young (219136K), 6 survivors (12288K)
 Metaspace       used 39308K, committed 39936K, reserved 1114112K
  class space    used 4442K, committed 4736K, reserved 1048576K
}
Event: 24.322 GC heap after
{Heap after GC invocations=25 (full 0):
 garbage-first heap   total reserved 4114432K, committed 366592K, used 104489K [0x0000000704e00000, 0x0000000800000000)
  region size 2048K, 9 young (18432K), 9 survivors (18432K)
 Metaspace       used 39308K, committed 39936K, reserved 1114112K
  class space    used 4442K, committed 4736K, reserved 1048576K
}

